<?xml version="1.0" encoding="UTF-8"?>
<testng-results ignored="0" total="1" passed="1" failed="0" skipped="0">
  <reporter-output>
  </reporter-output>
  <suite started-at="2024-10-01T13:10:01 IST" name="Default suite" finished-at="2024-10-01T13:10:01 IST" duration-ms="73">
    <groups>
    </groups>
    <test started-at="2024-10-01T13:10:01 IST" name="Default test" finished-at="2024-10-01T13:10:01 IST" duration-ms="73">
      <class name="JavaOrientedFrameworkDevelopment.Code17TestNGAnnotationsHelpWithInheritance1">
        <test-method is-config="true" signature="beforeRun()[pri:0, instance:JavaOrientedFrameworkDevelopment.Code17TestNGAnnotationsHelpWithInheritance1@57af006c]" started-at="2024-10-01T13:10:01 IST" name="beforeRun" finished-at="2024-10-01T13:10:01 IST" duration-ms="7" status="PASS">
          <reporter-output>
          </reporter-output>
        </test-method> <!-- beforeRun -->
        <test-method signature="testRun()[pri:0, instance:JavaOrientedFrameworkDevelopment.Code17TestNGAnnotationsHelpWithInheritance1@57af006c]" started-at="2024-10-01T13:10:01 IST" name="testRun" finished-at="2024-10-01T13:10:01 IST" duration-ms="14" status="PASS">
          <reporter-output>
          </reporter-output>
        </test-method> <!-- testRun -->
        <test-method is-config="true" signature="afterRun()[pri:0, instance:JavaOrientedFrameworkDevelopment.Code17TestNGAnnotationsHelpWithInheritance1@57af006c]" started-at="2024-10-01T13:10:01 IST" name="afterRun" finished-at="2024-10-01T13:10:01 IST" duration-ms="0" status="PASS">
          <reporter-output>
          </reporter-output>
        </test-method> <!-- afterRun -->
      </class> <!-- JavaOrientedFrameworkDevelopment.Code17TestNGAnnotationsHelpWithInheritance1 -->
    </test> <!-- Default test -->
  </suite> <!-- Default suite -->
</testng-results>
