<?xml version="1.0" encoding="UTF-8"?>
<testng-results total="1" passed="1" failed="0" skipped="0">
  <reporter-output>
  </reporter-output>
  <suite started-at="2024-11-11T04:28:51Z" name="Default suite" finished-at="2024-11-11T04:29:00Z" duration-ms="8781">
    <groups>
    </groups>
    <test started-at="2024-11-11T04:28:51Z" name="Default test" finished-at="2024-11-11T04:29:00Z" duration-ms="8781">
      <class name="extentReports.ExtentReportsDemo">
        <test-method is-config="true" signature="config()[pri:0, instance:extentReports.ExtentReportsDemo@6d167f58]" started-at="2024-11-11T09:58:51Z" name="config" finished-at="2024-11-11T09:58:51Z" duration-ms="468" status="PASS">
          <reporter-output>
          </reporter-output>
        </test-method> <!-- config -->
        <test-method signature="initialDemo()[pri:0, instance:extentReports.ExtentReportsDemo@6d167f58]" started-at="2024-11-11T09:58:51Z" name="initialDemo" finished-at="2024-11-11T09:59:00Z" duration-ms="8288" status="PASS">
          <reporter-output>
          </reporter-output>
        </test-method> <!-- initialDemo -->
      </class> <!-- extentReports.ExtentReportsDemo -->
    </test> <!-- Default test -->
  </suite> <!-- Default suite -->
</testng-results>
