<?xml version="1.0" encoding="UTF-8"?>
<!-- Generated by org.testng.reporters.JUnitXMLReporter -->
<testsuite ignored="0" hostname="QZ-LT-R-CTK-023" failures="0" tests="3" name="CarLoan" time="0.008" errors="0" timestamp="2024-09-24T15:00:56 IST">
  <testcase classname="RunningTestCasesInTestNG1.Code3PrioritizingTestCasesWithTestNG" name="mobileLoginApiLoginCarLoan" time="0.001"/>
  <testcase classname="RunningTestCasesInTestNG1.Code3PrioritizingTestCasesWithTestNG" name="mobileLoginCarLoan" time="0.001"/>
  <testcase classname="RunningTestCasesInTestNG1.Code3PrioritizingTestCasesWithTestNG" name="mobileWebLoginCarLoan" time="0.001"/>
</testsuite> <!-- CarLoan -->
