<?xml version="1.0" encoding="UTF-8"?>
<!-- Generated by org.testng.reporters.JUnitXMLReporter -->
<testsuite ignored="1" hostname="QZ-LT-R-CTK-023" failures="0" tests="29" name="PersonalLoan-1" time="0.184" errors="0" timestamp="2024-09-26T10:38:50 IST">
  <testcase classname="RunningTestCasesInTestNG1.Code1" name="Demo" time="0.008"/>
  <testcase classname="RunningTestCasesInTestNG1.Code1" name="SecondTest" time="0.001"/>
  <testcase classname="RunningTestCasesInTestNG1.Code2PrioritizingTestCasesWithTestNG" name="ploan" time="0.005"/>
  <testcase classname="RunningTestCasesInTestNG1.Code3PrioritizingTestCasesWithTestNG" name="mobileLoginApiLoginCarLoan" time="0.003"/>
  <testcase classname="RunningTestCasesInTestNG1.Code3PrioritizingTestCasesWithTestNG" name="mobileLoginCarLoan" time="0.007"/>
  <testcase classname="RunningTestCasesInTestNG1.Code3PrioritizingTestCasesWithTestNG" name="mobileWebLoginCarLoan" time="0.005"/>
  <testcase classname="RunningTestCasesInTestNG1.Code4PrioritizingTestCasesWithTestNG" name="WebLoginHomeLoan" time="0.001"/>
  <testcase classname="RunningTestCasesInTestNG1.Code4PrioritizingTestCasesWithTestNG" name="loginApiLoginHomeLoan" time="0.002"/>
  <testcase classname="RunningTestCasesInTestNG1.Code4PrioritizingTestCasesWithTestNG" name="mobileLoginHomeLoan" time="0.002"/>
  <testcase classname="RunningTestCasesInTestNG1.Code5TestingAnnotations1" name="animal" time="0.003"/>
  <testcase classname="RunningTestCasesInTestNG1.Code6TestingAnnotations2" name="click" time="0.003"/>
  <testcase classname="RunningTestCasesInTestNG1.Code6TestingAnnotations2" name="submit" time="0.003"/>
  <testcase classname="RunningTestCasesInTestNG1.Code6TestingAnnotations2" name="subscribe" time="0.002"/>
  <testcase classname="RunningTestCasesInTestNG1.Code7TestingAnnotations2" name="Hi" time="0.002"/>
  <testcase classname="RunningTestCasesInTestNG1.Code7TestingAnnotations2" name="lastName" time="0.002"/>
  <testcase classname="RunningTestCasesInTestNG1.Code7TestingAnnotations2" name="welcome" time="0.001"/>
  <testcase classname="RunningTestCasesInTestNG1.Code8TestingAnnotations2" name="OK" time="0.001"/>
  <testcase classname="RunningTestCasesInTestNG1.Code8TestingAnnotations2" name="address" time="0.001"/>
  <testcase classname="RunningTestCasesInTestNG1.Code8TestingAnnotations2" name="payment" time="0.002"/>
  <testcase classname="RunningTestCasesInTestNG1.Code9UsageOfGroupsFunctionality1" name="bike" time="0.001"/>
  <testcase classname="RunningTestCasesInTestNG1.Code9UsageOfGroupsFunctionality1" name="end" time="0.001"/>
  <testcase classname="RunningTestCasesInTestNG1.Code9UsageOfGroupsFunctionality1" name="transport" time="0.002"/>
  <testcase classname="RunningTestCasesInTestNG1.Code10UsageOfGroupsFunctionality2" name="start" time="0.002"/>
  <testcase classname="RunningTestCasesInTestNG1.Code11AnnotationsHelperAttributesWithExample" name="check" time="0.001"/>
  <testcase classname="RunningTestCasesInTestNG1.Code11AnnotationsHelperAttributesWithExample" name="run" time="0.001"/>
  <testcase classname="RunningTestCasesInTestNG1.Code11AnnotationsHelperAttributesWithExample" name="address" time="0.01"/>
  <testcase classname="RunningTestCasesInTestNG1.Code11AnnotationsHelperAttributesWithExample" name="payment" time="0.001"/>
  <testcase classname="RunningTestCasesInTestNG1.Code12ParameterizingFromTestNGxmlFile" name="click" time="0.001"/>
  <testcase classname="RunningTestCasesInTestNG1.Code12ParameterizingFromTestNGxmlFile" name="setUp" time="0.002"/>
  <testcase classname="RunningTestCasesInTestNG1.Code11AnnotationsHelperAttributesWithExample" name="OK" time="0.0">
    <ignored/>
  </testcase> <!-- OK -->
</testsuite> <!-- PersonalLoan-1 -->
