<?xml version="1.0" encoding="UTF-8"?>
<!-- Generated by org.testng.reporters.JUnitXMLReporter -->
<testsuite ignored="0" hostname="QZ-LT-R-CTK-023" failures="0" tests="8" name="Test" time="0.088" errors="0" timestamp="2024-09-19T11:10:19 IST">
  <testcase classname="RunningTestCasesInTestNG1.day1" name="Demo" time="0.014"/>
  <testcase classname="RunningTestCasesInTestNG1.day2" name="ploan" time="0.003"/>
  <testcase classname="RunningTestCasesInTestNG1.day3" name="WebLoginCarLoan" time="0.001"/>
  <testcase classname="RunningTestCasesInTestNG1.day3" name="loginApiLoginCarLoan" time="0.001"/>
  <testcase classname="RunningTestCasesInTestNG1.day3" name="mobileLoginCarLoan" time="0.001"/>
  <testcase classname="RunningTestCasesInTestNG1.day4" name="WebLoginHomeLoan" time="0.001"/>
  <testcase classname="RunningTestCasesInTestNG1.day4" name="loginApiLoginHomeLoan" time="0.001"/>
  <testcase classname="RunningTestCasesInTestNG1.day4" name="mobileLoginHomeLoan" time="0.001"/>
</testsuite> <!-- Test -->
